Arguments: 
  C:\Program Files\nodejs\node.exe C:\Users\marianoGuillaume\AppData\Roaming\npm\node_modules\yarn\bin\yarn.js init .

PATH: 
  C:\Users\marianoGuillaume\bin;C:\Program Files\Git\mingw64\bin;C:\Program Files\Git\usr\local\bin;C:\Program Files\Git\usr\bin;C:\Program Files\Git\usr\bin;C:\Program Files\Git\mingw64\bin;C:\Program Files\Git\usr\bin;C:\Users\marianoGuillaume\bin;C:\Program Files\Common Files\Oracle\Java\javapath;C:\Program Files (x86)\Common Files\Oracle\Java\javapath;C:\Python311\Scripts;C:\Python311;C:\Windows\system32;C:\Windows;C:\Windows\System32\Wbem;C:\Windows\System32\WindowsPowerShell\v1.0;C:\Windows\System32\OpenSSH;C:\Program Files\Microsoft VS Code\bin;C:\Program Files\Git\cmd;C:\ProgramData\chocolatey\bin;C:\Program Files\Java\jdk1.8.0_361\jre\bin;C:\Program Files\Docker\Docker\resources\bin;C:\Program Files (x86)\AMD\ATI.ACE\Core-Static;C:\ProgramData\ComposerSetup\bin;C:\Program Files\nodejs;C:\Users\marianoGuillaume\AppData\Local\Programs\Python\Python312\Scripts;C:\Users\marianoGuillaume\AppData\Local\Programs\Python\Python312;C:\Program Files\MySQL\MySQL Shell 8.0\bin;C:\Users\marianoGuillaume\AppData\Local\Microsoft\WindowsApps;C:\Program Files\JetBrains\IntelliJ IDEA Community Edition 2022.3.2\bin;C:\Program Files\MySQL\MySQL Server 8.0\bin;C:\xampp\php;C:\Users\marianoGuillaume\AppData\Roaming\Composer\vendor\bin;C:\src\sqlite_tools;C:\Program Files\PostgreSQL\15\bin;C:\Program Files\Java\jdk-21;C:\Users\marianoGuillaume\AppData\Roaming\npm;C:\Program Files\Git\usr\bin\vendor_perl;C:\Program Files\Git\usr\bin\core_perl

Yarn version: 
  1.22.19

Node version: 
  20.9.0

Platform: 
  win32 x64

Trace: 
  Error: Can't answer a question unless a user TTY
      at ConsoleReporter.question (C:\Users\marianoGuillaume\AppData\Roaming\npm\node_modules\yarn\lib\cli.js:92864:59)
      at Object.<anonymous> (C:\Users\marianoGuillaume\AppData\Roaming\npm\node_modules\yarn\lib\cli.js:85054:38)
      at Generator.next (<anonymous>)
      at step (C:\Users\marianoGuillaume\AppData\Roaming\npm\node_modules\yarn\lib\cli.js:310:30)
      at C:\Users\marianoGuillaume\AppData\Roaming\npm\node_modules\yarn\lib\cli.js:321:13

npm manifest: 
  No manifest

yarn manifest: 
  No manifest

Lockfile: 
  No lockfile
